0 info it worked if it ends with ok
1 verbose cli [ 'C:\\Program Files\\nodejs\\node.exe',
1 verbose cli   'C:\\Program Files\\nodejs\\node_modules\\npm\\bin\\npm-cli.js',
1 verbose cli   'publish' ]
2 info using npm@3.10.10
3 info using node@v6.10.0
4 verbose publish [ '.' ]
5 silly cache add args [ '.', null ]
6 verbose cache add spec .
7 silly cache add parsed spec Result {
7 silly cache add   raw: '.',
7 silly cache add   scope: null,
7 silly cache add   escapedName: null,
7 silly cache add   name: null,
7 silly cache add   rawSpec: '.',
7 silly cache add   spec: 'C:\\慕课网学习项目资料视频\\Get全栈技能点 Vue2.0Node.jsMongoDB 打造商城系统\\imooc\\vue-toast-demo',
7 silly cache add   type: 'directory' }
8 verbose addLocalDirectory C:\Users\sunwe\AppData\Roaming\npm-cache\vue-toast-demo-sw\1.0.1\package.tgz not in flight; packing
9 verbose correctMkdir C:\Users\sunwe\AppData\Roaming\npm-cache correctMkdir not in flight; initializing
10 info lifecycle vue-toast-demo-sw@1.0.1~prepublish: vue-toast-demo-sw@1.0.1
11 silly lifecycle vue-toast-demo-sw@1.0.1~prepublish: no script for prepublish, continuing
12 verbose tar pack [ 'C:\\Users\\sunwe\\AppData\\Roaming\\npm-cache\\vue-toast-demo-sw\\1.0.1\\package.tgz',
12 verbose tar pack   'C:\\慕课网学习项目资料视频\\Get全栈技能点 Vue2.0Node.jsMongoDB 打造商城系统\\imooc\\vue-toast-demo' ]
13 verbose tarball C:\Users\sunwe\AppData\Roaming\npm-cache\vue-toast-demo-sw\1.0.1\package.tgz
14 verbose folder C:\慕课网学习项目资料视频\Get全栈技能点 Vue2.0Node.jsMongoDB 打造商城系统\imooc\vue-toast-demo
15 verbose addLocalTarball adding from inside cache C:\Users\sunwe\AppData\Roaming\npm-cache\vue-toast-demo-sw\1.0.1\package.tgz
16 verbose correctMkdir C:\Users\sunwe\AppData\Roaming\npm-cache correctMkdir not in flight; initializing
17 silly cache afterAdd vue-toast-demo-sw@1.0.1
18 verbose afterAdd C:\Users\sunwe\AppData\Roaming\npm-cache\vue-toast-demo-sw\1.0.1\package\package.json not in flight; writing
19 verbose correctMkdir C:\Users\sunwe\AppData\Roaming\npm-cache correctMkdir not in flight; initializing
20 verbose afterAdd C:\Users\sunwe\AppData\Roaming\npm-cache\vue-toast-demo-sw\1.0.1\package\package.json written
21 silly publish { name: 'vue-toast-demo-sw',
21 silly publish   version: '1.0.1',
21 silly publish   description: 'a toast plugin for mobile',
21 silly publish   main: 'index.js',
21 silly publish   scripts: { test: 'echo "Error: no test specified" && exit 1' },
21 silly publish   keywords: [ 'toast', 'vue-toast' ],
21 silly publish   author: '',
21 silly publish   license: 'ISC',
21 silly publish   dependencies:
21 silly publish    { 'babel-core': '^6.26.0',
21 silly publish      'babel-loader': '^7.1.2',
21 silly publish      'babel-preset-env': '^1.6.1',
21 silly publish      'css-loader': '^0.28.7',
21 silly publish      'node-sass': '^4.7.2',
21 silly publish      'sass-loader': '^6.0.6',
21 silly publish      'style-loader': '^0.19.1',
21 silly publish      vue: '^2.5.13',
21 silly publish      'vue-loader': '^13.6.0',
21 silly publish      'vue-template-compiler': '^2.5.11',
21 silly publish      webpack: '^3.10.0' },
21 silly publish   readme: '#vue-toast-demo\r\n\r\na mobile toast plugin for vue.\r\n\r\n## Usage\r\n\r\nimport VueToast from \'vue-toast-demo\'\r\n\r\nVue.use(vueToast)\r\n\r\nthis.$toast.show("Hello,Toast")\r\n',
21 silly publish   readmeFilename: 'README.md',
21 silly publish   _id: 'vue-toast-demo-sw@1.0.1',
21 silly publish   _shasum: '8fdaf1c1fbbc558f5c2742dee8432cd7f66e61e0',
21 silly publish   _from: '.' }
22 verbose getPublishConfig undefined
23 silly mapToRegistry name vue-toast-demo-sw
24 silly mapToRegistry using default registry
25 silly mapToRegistry registry http://registry.npmjs.org/
26 silly mapToRegistry data Result {
26 silly mapToRegistry   raw: 'vue-toast-demo-sw',
26 silly mapToRegistry   scope: null,
26 silly mapToRegistry   escapedName: 'vue-toast-demo-sw',
26 silly mapToRegistry   name: 'vue-toast-demo-sw',
26 silly mapToRegistry   rawSpec: '',
26 silly mapToRegistry   spec: 'latest',
26 silly mapToRegistry   type: 'tag' }
27 silly mapToRegistry uri http://registry.npmjs.org/vue-toast-demo-sw
28 verbose publish registryBase http://registry.npmjs.org/
29 silly publish uploading C:\Users\sunwe\AppData\Roaming\npm-cache\vue-toast-demo-sw\1.0.1\package.tgz
30 verbose request uri http://registry.npmjs.org/vue-toast-demo-sw
31 verbose request sending authorization for write operation
32 info attempt registry request try #1 at 14:11:37
33 verbose request using bearer token for auth
34 verbose request id f5f3affec021403f
35 http request PUT http://registry.npmjs.org/vue-toast-demo-sw
36 http 403 http://registry.npmjs.org/vue-toast-demo-sw
37 verbose headers { 'content-type': 'application/json',
37 verbose headers   'cache-control': 'max-age=300',
37 verbose headers   'content-length': '104',
37 verbose headers   'accept-ranges': 'bytes',
37 verbose headers   date: 'Sun, 24 Dec 2017 06:11:21 GMT',
37 verbose headers   via: '1.1 varnish',
37 verbose headers   connection: 'keep-alive',
37 verbose headers   'x-served-by': 'cache-hnd18723-HND',
37 verbose headers   'x-cache': 'MISS',
37 verbose headers   'x-cache-hits': '0',
37 verbose headers   'x-timer': 'S1514095881.641626,VS0,VE841',
37 verbose headers   vary: 'Accept-Encoding, Accept' }
38 verbose request invalidating C:\Users\sunwe\AppData\Roaming\npm-cache\registry.npmjs.org\vue-toast-demo-sw on PUT
39 error publish Failed PUT 403
40 verbose stack Error: you must verify your email before publishing a new package: https://www.npmjs.com/email-edit : vue-toast-demo-sw
40 verbose stack     at makeError (C:\Program Files\nodejs\node_modules\npm\node_modules\npm-registry-client\lib\request.js:302:12)
40 verbose stack     at CachingRegistryClient.<anonymous> (C:\Program Files\nodejs\node_modules\npm\node_modules\npm-registry-client\lib\request.js:290:14)
40 verbose stack     at Request._callback (C:\Program Files\nodejs\node_modules\npm\node_modules\npm-registry-client\lib\request.js:210:14)
40 verbose stack     at Request.self.callback (C:\Program Files\nodejs\node_modules\npm\node_modules\request\request.js:187:22)
40 verbose stack     at emitTwo (events.js:106:13)
40 verbose stack     at Request.emit (events.js:191:7)
40 verbose stack     at Request.<anonymous> (C:\Program Files\nodejs\node_modules\npm\node_modules\request\request.js:1048:10)
40 verbose stack     at emitOne (events.js:96:13)
40 verbose stack     at Request.emit (events.js:188:7)
40 verbose stack     at IncomingMessage.<anonymous> (C:\Program Files\nodejs\node_modules\npm\node_modules\request\request.js:969:12)
41 verbose statusCode 403
42 verbose pkgid vue-toast-demo-sw
43 verbose cwd C:\慕课网学习项目资料视频\Get全栈技能点 Vue2.0Node.jsMongoDB 打造商城系统\imooc\vue-toast-demo
44 error Windows_NT 10.0.14393
45 error argv "C:\\Program Files\\nodejs\\node.exe" "C:\\Program Files\\nodejs\\node_modules\\npm\\bin\\npm-cli.js" "publish"
46 error node v6.10.0
47 error npm  v3.10.10
48 error code E403
49 error you must verify your email before publishing a new package: https://www.npmjs.com/email-edit : vue-toast-demo-sw
50 error If you need help, you may report this error at:
50 error     <https://github.com/npm/npm/issues>
51 verbose exit [ 1, true ]
